[16:05:19.949965 DEBUG] [openstudio.workflow.OSWorkflow] Removing existing run directory: C:/Users/gbv/AppData/Local/Temp/osmodel-d5ab-5112-219c-2de1-1718226554-0/resources/run
[16:05:19.949965 DEBUG] [openstudio.workflow.OSWorkflow] Registering that the workflow has started with the adapter
[16:05:19.949965 DEBUG] [openstudio.workflow.OSWorkflow] Initialization - selected = true
[16:05:19.949965 DEBUG] [openstudio.workflow.OSWorkflow] The root_dir for the datapoint is C:/Users/gbv/AppData/Local/Temp/osmodel-d5ab-5112-219c-2de1-1718226554-0/resources
[16:05:19.949965 DEBUG] [openstudio.workflow.OSWorkflow] Removing existing generated files directory: C:/Users/gbv/AppData/Local/Temp/osmodel-d5ab-5112-219c-2de1-1718226554-0/resources/generated_files
[16:05:19.949965 DEBUG] [openstudio.workflow.OSWorkflow] Creating generated files directory: C:/Users/gbv/AppData/Local/Temp/osmodel-d5ab-5112-219c-2de1-1718226554-0/resources/generated_files
[16:05:19.949965 DEBUG] [openstudio.workflow.OSWorkflow] Removing existing reports directory: C:/Users/gbv/AppData/Local/Temp/osmodel-d5ab-5112-219c-2de1-1718226554-0/resources/reports
[16:05:19.949965 DEBUG] [openstudio.workflow.OSWorkflow] Finding and loading the seed file
[16:05:19.949965 INFO] [openstudio.worklow.Util] Loading OSM model
[16:05:19.949965 INFO] [openstudio.worklow.Util] Reading in OSM model C:/Users/gbv/AppData/Local/Temp/osmodel-d5ab-5112-219c-2de1-1718226554-0/011_sc_definidos.osm
[16:05:19.965587 DEBUG] [openstudio.osversion.VersionTranslator] Starting translation from Version 3.7.0.
[16:05:19.996843 DEBUG] [openstudio.osversion.VersionTranslator] Initial model has 361 objects.
[16:05:19.996843 DEBUG] [openstudio.osversion.VersionTranslator] Final model has 361 objects in IDF form.
[16:05:20.012461 DEBUG] [utilities.idf.Workspace] Workspace::isValid called.
[16:05:20.059340 DEBUG] [openstudio.osversion.VersionTranslator] Final model has 361 objects in Model form.
[16:05:20.059340 DEBUG] [openstudio.workflow.OSWorkflow] Initialize the weather file from osw
[16:05:20.059340 DEBUG] [openstudio.workflow.OSWorkflow] Search for weather file defined by osw DOM_NC_Santo.Domingo.784860_TMYx.2007-2021.epw
[16:05:20.074963 DEBUG] [openstudio.EpwFile] No Daylightings Saving start Date
[16:05:20.074963 WARN] [openstudio.EpwFile] Successive data points (2013-Jan-31 to 2014-Feb-01, ending on line 753) are greater than 1 day apart in EPW file 'C:/Users/gbv/AppData/Local/Temp/osmodel-d5ab-5112-219c-2de1-1718226554-0/resources/files/DOM_NC_Santo.Domingo.784860_TMYx.2007-2021.epw'. Data will be treated as typical (TMY)
[16:05:20.121838 INFO] [openstudio.XMLValidator] Treating schema as a regular XSD
[16:05:20.137464 INFO] [openstudio.XMLValidator] Treating schema as a regular XSD
[16:05:20.153095 INFO] [openstudio.XMLValidator] Treating schema as a regular XSD
[16:05:20.153095 DEBUG] [openstudio.workflow.OSWorkflow] OpenStudioMeasures - selected = true
[16:05:20.153095 INFO] [openstudio.workflow.OSWorkflow] Beginning to execute OpenStudio Measures
[16:05:20.153095 DEBUG] [openstudio.workflow.OSWorkflow] Finding measures of type ModelMeasure
[16:05:20.153095 DEBUG] [openstudio.workflow.OSWorkflow] Running step 0
[16:05:20.153095 DEBUG] [openstudio.workflow.OSWorkflow] Find model's weather file and update LastEpwFilePath
[16:05:20.153095 DEBUG] [openstudio.workflow.OSWorkflow] Search for weather file C:/Users/gbv/AppData/Local/Temp/osmodel-d5ab-5112-219c-2de1-1718226554-0/resources/files/DOM_NC_Santo.Domingo.784860_TMYx.2007-2021.epw
[16:05:20.153095 DEBUG] [openstudio.workflow.OSWorkflow] Creating run directory for measure in 'C:/Users/gbv/AppData/Local/Temp/osmodel-d5ab-5112-219c-2de1-1718226554-0/resources/run/000_AddOutputVariable'
[16:05:20.168705 INFO] [openstudio.XMLValidator] Treating schema as a regular XSD
[16:05:20.168705 DEBUG] [openstudio.workflow.OSWorkflow] Found AddOutputVariable at primaryScriptPath: 'C:/Users/gbv/AppData/Local/Temp/osmodel-d5ab-5112-219c-2de1-1718226554-0/resources/measures/AddOutputVariable/measure.rb'
[16:05:20.168705 DEBUG] [openstudio.workflow.OSWorkflow] Class Name: AddOutputVariable
[16:05:20.168705 DEBUG] [openstudio.workflow.OSWorkflow] Measure Script Path: C:/Users/gbv/AppData/Local/Temp/osmodel-d5ab-5112-219c-2de1-1718226554-0/resources/measures/AddOutputVariable/measure.rb
[16:05:20.168705 DEBUG] [openstudio.workflow.OSWorkflow] Measure Type: ModelMeasure
[16:05:20.168705 DEBUG] [openstudio.workflow.OSWorkflow] Measure Language: Ruby
[16:05:20.168705 DEBUG] [ApplicationPathHelpers] getOpenStudioModule, szPath = 'C:\openstudioapplication-1.7.1\bin\openstudiolib.dll'
[16:05:20.184338 DEBUG] [PathHelpers] completeAndNormalize: result = C:/openstudioapplication-1.7.1/bin/openstudiolib.dll
[16:05:20.184338 DEBUG] [ApplicationPathHelpers] getOpenStudioModule, found 'C:/openstudioapplication-1.7.1/bin/openstudiolib.dll'
[16:05:21.360273 DEBUG] [openstudio.workflow.OSWorkflow] measure->name()= 'Add Output Variable'
[16:05:21.360273 DEBUG] [openstudio.workflow.OSWorkflow] Current step has 2 arguments
[16:05:21.371886 INFO] [openstudio.workflow.OSWorkflow] Setting argument value 'reporting_frequency' to 'timestep'
[16:05:21.371886 INFO] [openstudio.workflow.OSWorkflow] Setting argument value 'variable_name' to 'Zone Mean Air Temperature'
[16:05:21.371886 DEBUG] [openstudio.workflow.OSWorkflow] argumentMap={"key_value": "*", "reporting_frequency": "timestep", "variable_name": "Zone Mean Air Temperature"}
[16:05:21.371886 INFO] [openstudio.measure.OSRunner] The model started with 0 output variable objects.
[16:05:21.371886 INFO] [openstudio.measure.OSRunner] Adding output variable for Zone Mean Air Temperature reporting timestep.
[16:05:21.371886 INFO] [openstudio.measure.OSRunner] Key value for variable is *.
[16:05:21.371886 INFO] [openstudio.measure.OSRunner] The model finished with 1 output variable objects.
[16:05:21.371886 DEBUG] [openstudio.workflow.OSWorkflow] Step Result: Success
[16:05:21.371886 DEBUG] [openstudio.workflow.OSWorkflow] Find model's weather file and update LastEpwFilePath
[16:05:21.371886 DEBUG] [openstudio.workflow.OSWorkflow] Search for weather file C:/Users/gbv/AppData/Local/Temp/osmodel-d5ab-5112-219c-2de1-1718226554-0/resources/files/DOM_NC_Santo.Domingo.784860_TMYx.2007-2021.epw
[16:05:21.371886 DEBUG] [openstudio.workflow.OSWorkflow] Running step 1
[16:05:21.371886 DEBUG] [openstudio.workflow.OSWorkflow] Find model's weather file and update LastEpwFilePath
[16:05:21.371886 DEBUG] [openstudio.workflow.OSWorkflow] Search for weather file C:/Users/gbv/AppData/Local/Temp/osmodel-d5ab-5112-219c-2de1-1718226554-0/resources/files/DOM_NC_Santo.Domingo.784860_TMYx.2007-2021.epw
[16:05:21.371886 DEBUG] [openstudio.workflow.OSWorkflow] Creating run directory for measure in 'C:/Users/gbv/AppData/Local/Temp/osmodel-d5ab-5112-219c-2de1-1718226554-0/resources/run/001_AddOutputVariable'
[16:05:21.376459 INFO] [openstudio.XMLValidator] Treating schema as a regular XSD
[16:05:21.392556 DEBUG] [openstudio.workflow.OSWorkflow] Found AddOutputVariable at primaryScriptPath: 'C:/Users/gbv/AppData/Local/Temp/osmodel-d5ab-5112-219c-2de1-1718226554-0/resources/measures/AddOutputVariable/measure.rb'
[16:05:21.392556 DEBUG] [openstudio.workflow.OSWorkflow] Class Name: AddOutputVariable
[16:05:21.392556 DEBUG] [openstudio.workflow.OSWorkflow] Measure Script Path: C:/Users/gbv/AppData/Local/Temp/osmodel-d5ab-5112-219c-2de1-1718226554-0/resources/measures/AddOutputVariable/measure.rb
[16:05:21.392556 DEBUG] [openstudio.workflow.OSWorkflow] Measure Type: ModelMeasure
[16:05:21.392556 DEBUG] [openstudio.workflow.OSWorkflow] Measure Language: Ruby
[16:05:21.392556 DEBUG] [openstudio.workflow.OSWorkflow] measure->name()= 'Add Output Variable'
[16:05:21.392556 DEBUG] [openstudio.workflow.OSWorkflow] Current step has 2 arguments
[16:05:21.403144 INFO] [openstudio.workflow.OSWorkflow] Setting argument value 'reporting_frequency' to 'timestep'
[16:05:21.403144 INFO] [openstudio.workflow.OSWorkflow] Setting argument value 'variable_name' to 'Site Outdoor Air Drybulb Temperature'
[16:05:21.403144 DEBUG] [openstudio.workflow.OSWorkflow] argumentMap={"key_value": "*", "reporting_frequency": "timestep", "variable_name": "Site Outdoor Air Drybulb Temperature"}
[16:05:21.403144 INFO] [openstudio.measure.OSRunner] The model started with 1 output variable objects.
[16:05:21.403144 INFO] [openstudio.measure.OSRunner] Adding output variable for Site Outdoor Air Drybulb Temperature reporting timestep.
[16:05:21.408661 INFO] [openstudio.measure.OSRunner] Key value for variable is *.
[16:05:21.408661 INFO] [openstudio.measure.OSRunner] The model finished with 2 output variable objects.
[16:05:21.408661 DEBUG] [openstudio.workflow.OSWorkflow] Step Result: Success
[16:05:21.408661 DEBUG] [openstudio.workflow.OSWorkflow] Find model's weather file and update LastEpwFilePath
[16:05:21.408661 DEBUG] [openstudio.workflow.OSWorkflow] Search for weather file C:/Users/gbv/AppData/Local/Temp/osmodel-d5ab-5112-219c-2de1-1718226554-0/resources/files/DOM_NC_Santo.Domingo.784860_TMYx.2007-2021.epw
[16:05:21.408661 DEBUG] [openstudio.workflow.OSWorkflow] Running step 2
[16:05:21.408661 DEBUG] [openstudio.workflow.OSWorkflow] Find model's weather file and update LastEpwFilePath
[16:05:21.408661 DEBUG] [openstudio.workflow.OSWorkflow] Search for weather file C:/Users/gbv/AppData/Local/Temp/osmodel-d5ab-5112-219c-2de1-1718226554-0/resources/files/DOM_NC_Santo.Domingo.784860_TMYx.2007-2021.epw
[16:05:21.408661 DEBUG] [openstudio.workflow.OSWorkflow] Creating run directory for measure in 'C:/Users/gbv/AppData/Local/Temp/osmodel-d5ab-5112-219c-2de1-1718226554-0/resources/run/002_AddOutputVariable'
[16:05:21.408661 INFO] [openstudio.XMLValidator] Treating schema as a regular XSD
[16:05:21.424804 DEBUG] [openstudio.workflow.OSWorkflow] Found AddOutputVariable at primaryScriptPath: 'C:/Users/gbv/AppData/Local/Temp/osmodel-d5ab-5112-219c-2de1-1718226554-0/resources/measures/AddOutputVariable/measure.rb'
[16:05:21.424804 DEBUG] [openstudio.workflow.OSWorkflow] Class Name: AddOutputVariable
[16:05:21.424804 DEBUG] [openstudio.workflow.OSWorkflow] Measure Script Path: C:/Users/gbv/AppData/Local/Temp/osmodel-d5ab-5112-219c-2de1-1718226554-0/resources/measures/AddOutputVariable/measure.rb
[16:05:21.424804 DEBUG] [openstudio.workflow.OSWorkflow] Measure Type: ModelMeasure
[16:05:21.424804 DEBUG] [openstudio.workflow.OSWorkflow] Measure Language: Ruby
[16:05:21.424804 DEBUG] [openstudio.workflow.OSWorkflow] measure->name()= 'Add Output Variable'
[16:05:21.424804 DEBUG] [openstudio.workflow.OSWorkflow] Current step has 2 arguments
[16:05:21.434409 INFO] [openstudio.workflow.OSWorkflow] Setting argument value 'reporting_frequency' to 'timestep'
[16:05:21.434409 INFO] [openstudio.workflow.OSWorkflow] Setting argument value 'variable_name' to 'Infiltration Air Change Rate'
[16:05:21.434409 DEBUG] [openstudio.workflow.OSWorkflow] argumentMap={"key_value": "*", "reporting_frequency": "timestep", "variable_name": "Infiltration Air Change Rate"}
[16:05:21.434409 INFO] [openstudio.measure.OSRunner] The model started with 2 output variable objects.
[16:05:21.434409 INFO] [openstudio.measure.OSRunner] Adding output variable for Infiltration Air Change Rate reporting timestep.
[16:05:21.434409 INFO] [openstudio.measure.OSRunner] Key value for variable is *.
[16:05:21.434409 INFO] [openstudio.measure.OSRunner] The model finished with 3 output variable objects.
[16:05:21.434409 DEBUG] [openstudio.workflow.OSWorkflow] Step Result: Success
[16:05:21.434409 DEBUG] [openstudio.workflow.OSWorkflow] Find model's weather file and update LastEpwFilePath
[16:05:21.434409 DEBUG] [openstudio.workflow.OSWorkflow] Search for weather file C:/Users/gbv/AppData/Local/Temp/osmodel-d5ab-5112-219c-2de1-1718226554-0/resources/files/DOM_NC_Santo.Domingo.784860_TMYx.2007-2021.epw
[16:05:21.434409 INFO] [openstudio.workflow.OSWorkflow] Finished applying OpenStudio Measures.
[16:05:21.465674 DEBUG] [openstudio.workflow.OSWorkflow] Translator - selected = true
[16:05:21.473191 INFO] [openstudio.workflow.OSWorkflow] Beginning the translation to IDF
[16:05:21.473191 INFO] [openstudio.energyplus.ForwardTranslator] Surface 'Face 102' has a construction and 'Face 94' does not, using 'Face 102''s construction.
[16:05:21.543833 WARN] [utilities.idf.WorkspaceObject] Object of type 'Schedule:Constant' and named 'Always On Discrete', points to an object named OnOff 1 from field 1, but that object cannot be located.
[16:05:21.543833 WARN] [utilities.idf.WorkspaceObject] Object of type 'Schedule:Constant' and named 'Always Off Discrete', points to an object named OnOff 2 from field 1, but that object cannot be located.
[16:05:21.543833 WARN] [utilities.idf.WorkspaceObject] Object of type 'Schedule:Constant' and named 'Always On Continuous', points to an object named Fractional 1 from field 1, but that object cannot be located.
[16:05:21.543833 INFO] [openstudio.workflow.OSWorkflow] Successfully translated to IDF
[16:05:21.543833 DEBUG] [openstudio.workflow.OSWorkflow] EnergyPlusMeasures - selected = true
[16:05:21.543833 INFO] [openstudio.workflow.OSWorkflow] Beginning to execute EnergyPlus Measures.
[16:05:21.543833 DEBUG] [openstudio.workflow.OSWorkflow] Finding measures of type EnergyPlusMeasure
[16:05:21.543833 INFO] [openstudio.workflow.OSWorkflow] Finished applying EnergyPlus Measures.
[16:05:21.543833 DEBUG] [openstudio.workflow.OSWorkflow] PreProcess - selected = true
[16:05:21.559463 INFO] [openstudio.workflow.OSWorkflow] Beginning to collect output requests from Reporting measures.
[16:05:21.559463 DEBUG] [openstudio.workflow.OSWorkflow] Finding measures of type ReportingMeasure
[16:05:21.559463 INFO] [openstudio.workflow.OSWorkflow] Finished collecting output requests from Reporting measures.
[16:05:21.559463 INFO] [openstudio.workflow.OSWorkflow] Running EnergyPlus Preprocess
[16:05:21.570001 INFO] [openstudio.workflow.OSWorkflow] Finished preprocess job for EnergyPlus simulation
[16:05:21.590725 DEBUG] [openstudio.workflow.OSWorkflow] Saved final IDF as C:/Users/gbv/AppData/Local/Temp/osmodel-d5ab-5112-219c-2de1-1718226554-0/resources/run/in.idf
[16:05:21.590725 DEBUG] [openstudio.workflow.OSWorkflow] EnergyPlus - selected = true
[16:05:21.590725 DEBUG] [openstudio.OSWorkflow.prepareEnergyPlusDir] Original Directory: C:/openstudioapplication-1.7.1/bin
[16:05:21.590725 DEBUG] [openstudio.OSWorkflow.prepareEnergyPlusDir] Changing To run directory: C:/Users/gbv/AppData/Local/Temp/osmodel-d5ab-5112-219c-2de1-1718226554-0/resources/run
[16:05:21.590725 DEBUG] [ApplicationPathHelpers] getOpenStudioModule, szPath = 'C:\openstudioapplication-1.7.1\bin\openstudiolib.dll'
[16:05:21.590725 DEBUG] [PathHelpers] completeAndNormalize: result = C:/openstudioapplication-1.7.1/bin/openstudiolib.dll
[16:05:21.590725 DEBUG] [ApplicationPathHelpers] getOpenStudioModule, found 'C:/openstudioapplication-1.7.1/bin/openstudiolib.dll'
[16:05:21.590725 DEBUG] [ApplicationPathHelpers] Searching for EnergyPlus in 'C:/openstudioapplication-1.7.1/EnergyPlus/energyplus.exe'
[16:05:21.590725 DEBUG] [PathHelpers] completeAndNormalize: result = C:/openstudioapplication-1.7.1/EnergyPlus/energyplus.exe
[16:05:21.590725 DEBUG] [ApplicationPathHelpers] Found EnergyPlus at 'C:/openstudioapplication-1.7.1/EnergyPlus/energyplus.exe'
[16:05:21.590725 DEBUG] [PathHelpers] completeAndNormalize: result = C:/openstudioapplication-1.7.1/EnergyPlus/energyplus.exe
[16:05:21.606355 INFO] [openstudio.OSWorkflow.prepareEnergyPlusDir] EnergyPlus executable path is C:/openstudioapplication-1.7.1/EnergyPlus/energyplus.exe
[16:05:21.606355 INFO] [openstudio.OSWorkflow.prepareEnergyPlusDir] ExpandObjects executable path is C:/openstudioapplication-1.7.1/EnergyPlus/ExpandObjects.exe
[16:05:21.606355 INFO] [openstudio.workflow.OSWorkflow] Starting simulation in run directory: C:/Users/gbv/AppData/Local/Temp/osmodel-d5ab-5112-219c-2de1-1718226554-0/resources/run
[16:05:21.621990 INFO] [openstudio.workflow.OSWorkflow] Running command 'C:/openstudioapplication-1.7.1\EnergyPlus\ExpandObjects.exe'
[16:05:21.700149 INFO] [openstudio.workflow.OSWorkflow] Running command '"C:/openstudioapplication-1.7.1\EnergyPlus\energyplus.exe" in.idf'
[16:05:30.384986 INFO] [openstudio.workflow.OSWorkflow] EnergyPlus returned '0'
[16:05:30.384986 INFO] [openstudio.workflow.OSWorkflow] EnergyPlus finished with 43 warnings and 0 severe errors
[16:05:30.384986 INFO] [openstudio.OSWorkflow.prepareEnergyPlusDir] Removing any copied EnergyPlus files
[16:05:30.384986 DEBUG] [openstudio.OSWorkflow.prepareEnergyPlusDir] Changing Current Directory back to: C:/openstudioapplication-1.7.1/bin
[16:05:30.384986 DEBUG] [openstudio.workflow.OSWorkflow] ReportingMeasures - selected = true
[16:05:30.384986 INFO] [openstudio.workflow.OSWorkflow] Beginning to execute Reporting Measures.
[16:05:30.384986 DEBUG] [openstudio.workflow.OSWorkflow] Finding measures of type ReportingMeasure
[16:05:30.384986 INFO] [openstudio.workflow.OSWorkflow] Finished applying Reporting Measures.
[16:05:30.391612 DEBUG] [openstudio.workflow.OSWorkflow] PostProcess - selected = true
[16:05:30.391612 INFO] [openstudio.workflow.OSWorkflow] Gathering reports
[16:05:30.391612 INFO] [openstudio.workflow.Util] Run directory: C:/Users/gbv/AppData/Local/Temp/osmodel-d5ab-5112-219c-2de1-1718226554-0/resources/run
[16:05:30.391612 INFO] [openstudio.workflow.Util] Reports directoryC:/Users/gbv/AppData/Local/Temp/osmodel-d5ab-5112-219c-2de1-1718226554-0/resources
[16:05:30.391612 INFO] [openstudio.workflow.Util] Saving EnergyPlus HTML report to C:/Users/gbv/AppData/Local/Temp/osmodel-d5ab-5112-219c-2de1-1718226554-0/resources/reports/eplustbl.html
[16:05:30.391612 INFO] [openstudio.workflow.Util] Removing empty directory C:/Users/gbv/AppData/Local/Temp/osmodel-d5ab-5112-219c-2de1-1718226554-0/resources/run/000_AddOutputVariable
[16:05:30.391612 INFO] [openstudio.workflow.Util] Removing empty directory C:/Users/gbv/AppData/Local/Temp/osmodel-d5ab-5112-219c-2de1-1718226554-0/resources/run/001_AddOutputVariable
[16:05:30.391612 INFO] [openstudio.workflow.Util] Removing empty directory C:/Users/gbv/AppData/Local/Temp/osmodel-d5ab-5112-219c-2de1-1718226554-0/resources/run/002_AddOutputVariable
[16:05:30.391612 INFO] [openstudio.workflow.OSWorkflow] Finished gathering reports
[16:05:30.391612 DEBUG] [openstudio.workflow.OSWorkflow] Cleanup - selected = true
[16:05:30.391612 INFO] [openstudio.workflow.OSWorkflow] Beginning cleanup of the run directory
[16:05:30.391612 INFO] [openstudio.workflow.OSWorkflow] Finished cleanup of the run directory
[16:05:33.721396 INFO] [openstudio.XMLValidator] Treating schema as a regular XSD
[16:05:33.734417 INFO] [openstudio.XMLValidator] Treating schema as a regular XSD
[16:05:33.737025 INFO] [openstudio.XMLValidator] Treating schema as a regular XSD
